Connecting to database specified by database.yml
Compiled jquery.js  (1ms)  (pid 7536)
Compiled jquery_ujs.js  (0ms)  (pid 7536)
Compiled jquery-ui.js  (8ms)  (pid 7536)
Compiled bootstrap-transition.js  (0ms)  (pid 7536)
Compiled bootstrap-affix.js  (0ms)  (pid 7536)
Compiled bootstrap-alert.js  (0ms)  (pid 7536)
Compiled bootstrap-button.js  (0ms)  (pid 7536)
Compiled bootstrap-carousel.js  (0ms)  (pid 7536)
Compiled bootstrap-collapse.js  (0ms)  (pid 7536)
Compiled bootstrap-dropdown.js  (0ms)  (pid 7536)
Compiled bootstrap-modal.js  (0ms)  (pid 7536)
Compiled bootstrap-scrollspy.js  (0ms)  (pid 7536)
Compiled bootstrap-tab.js  (0ms)  (pid 7536)
Compiled bootstrap-tooltip.js  (0ms)  (pid 7536)
Compiled bootstrap-popover.js  (0ms)  (pid 7536)
Compiled bootstrap-typeahead.js  (0ms)  (pid 7536)
Compiled bootstrap.js  (100ms)  (pid 7536)
Compiled wice_grid_processor.js  (172ms)  (pid 7536)
Compiled wice_grid_init.js  (189ms)  (pid 7536)
Compiled wice_grid_saved_queries_init.js  (162ms)  (pid 7536)
Compiled wice_grid.js  (569ms)  (pid 7536)
Compiled finances.js  (122ms)  (pid 7536)
Compiled pages.js  (121ms)  (pid 7536)
Compiled application.js  (1056ms)  (pid 7536)
Compiled finances.css  (8ms)  (pid 7536)
Compiled main.css  (0ms)  (pid 7536)
Compiled pages.css  (1ms)  (pid 7536)
Compiled scaffolds.css  (7ms)  (pid 7536)
Compiled style.css  (1744ms)  (pid 7536)
Compiled wice_grid.css  (24ms)  (pid 7536)
Compiled application.css  (1952ms)  (pid 7536)
Connecting to database specified by database.yml
Compiled jquery.js  (1ms)  (pid 7536)
Compiled jquery_ujs.js  (0ms)  (pid 7536)
Compiled jquery-ui.js  (5ms)  (pid 7536)
Compiled bootstrap-transition.js  (0ms)  (pid 7536)
Compiled bootstrap-affix.js  (0ms)  (pid 7536)
Compiled bootstrap-alert.js  (0ms)  (pid 7536)
Compiled bootstrap-button.js  (0ms)  (pid 7536)
Compiled bootstrap-carousel.js  (0ms)  (pid 7536)
Compiled bootstrap-collapse.js  (0ms)  (pid 7536)
Compiled bootstrap-dropdown.js  (0ms)  (pid 7536)
Compiled bootstrap-modal.js  (0ms)  (pid 7536)
Compiled bootstrap-scrollspy.js  (0ms)  (pid 7536)
Compiled bootstrap-tab.js  (0ms)  (pid 7536)
Compiled bootstrap-tooltip.js  (0ms)  (pid 7536)
Compiled bootstrap-popover.js  (0ms)  (pid 7536)
Compiled bootstrap-typeahead.js  (0ms)  (pid 7536)
Compiled bootstrap.js  (136ms)  (pid 7536)
Compiled wice_grid_processor.js  (189ms)  (pid 7536)
Compiled wice_grid_init.js  (194ms)  (pid 7536)
Compiled wice_grid_saved_queries_init.js  (187ms)  (pid 7536)
Compiled wice_grid.js  (594ms)  (pid 7536)
Compiled finances.js  (112ms)  (pid 7536)
Compiled pages.js  (129ms)  (pid 7536)
Compiled application.js  (1040ms)  (pid 7536)
Compiled finances.css  (6ms)  (pid 7536)
Compiled main.css  (0ms)  (pid 7536)
Compiled pages.css  (0ms)  (pid 7536)
Compiled scaffolds.css  (6ms)  (pid 7536)
Compiled style.css  (1769ms)  (pid 7536)
Compiled wice_grid.css  (18ms)  (pid 7536)
Compiled application.css  (1825ms)  (pid 7536)
